<?xml version="1.0" encoding="UTF-8" ?>
<testsuite tests="4" failures="0" name="testes.testBasic.OlaMundoTest" time="1.193" errors="0" skipped="0">
  <properties>
[...]
</properties>
  <testcase classname="testes.testBasic.OlaMundoTest" name="devoValidarBody" time="0.304"/>
  <testcase classname="testes.testBasic.OlaMundoTest" name="OutrasFormasDeRestAssured" time="0.586"/>
  <testcase classname="testes.testBasic.OlaMundoTest" name="BaseRestAssured" time="0.298"/>
  <testcase classname="testes.testBasic.OlaMundoTest" name="ConhecendoMatchersHamcrest" time="0.005"/>
</testsuite>